<?xml version="1.0" encoding="UTF-8"?>
<!-- Generated by org.testng.reporters.JUnitXMLReporter -->
<testsuite hostname="SuryaPC" ignored="9" name="basic test" tests="7" failures="0" timestamp="24 Apr 2019 02:41:37 GMT" time="28.445" errors="0">
  <testcase name="login" time="2.921" classname="in.srssprojects.keximbank.TestExecution"/>
  <testcase name="branchCreationWithBlankData" time="1.75" classname="in.srssprojects.keximbank.TestExecution"/>
  <testcase name="branchCreationReset" time="3.142" classname="in.srssprojects.keximbank.TestExecution"/>
  <testcase name="roleCreationWithBlankDate" time="1.624" classname="in.srssprojects.keximbank.TestExecution"/>
  <testcase name="roleCreationReset" time="1.904" classname="in.srssprojects.keximbank.TestExecution"/>
  <testcase name="employeeCreationWithBlandkData" time="3.493" classname="in.srssprojects.keximbank.TestExecution"/>
  <testcase name="employeeCreationReset" time="3.606" classname="in.srssprojects.keximbank.TestExecution"/>
  <testcase name="employeeCreationWithValidData" time="0.0" classname="in.srssprojects.keximbank.TestExecution">
    <ignored/>
  </testcase> <!-- employeeCreationWithValidData -->
  <testcase name="roleCreationCancel" time="0.0" classname="in.srssprojects.keximbank.TestExecution">
    <ignored/>
  </testcase> <!-- roleCreationCancel -->
  <testcase name="employeeCreationWIthDuplicateData" time="0.0" classname="in.srssprojects.keximbank.TestExecution">
    <ignored/>
  </testcase> <!-- employeeCreationWIthDuplicateData -->
  <testcase name="employeCreationCancel" time="0.0" classname="in.srssprojects.keximbank.TestExecution">
    <ignored/>
  </testcase> <!-- employeCreationCancel -->
  <testcase name="roleCreationWithDuplicateDate" time="0.0" classname="in.srssprojects.keximbank.TestExecution">
    <ignored/>
  </testcase> <!-- roleCreationWithDuplicateDate -->
  <testcase name="branchCreationWithValidData" time="0.0" classname="in.srssprojects.keximbank.TestExecution">
    <ignored/>
  </testcase> <!-- branchCreationWithValidData -->
  <testcase name="branchCreationCancel" time="0.0" classname="in.srssprojects.keximbank.TestExecution">
    <ignored/>
  </testcase> <!-- branchCreationCancel -->
  <testcase name="branchCreationWithDuplicateData" time="0.0" classname="in.srssprojects.keximbank.TestExecution">
    <ignored/>
  </testcase> <!-- branchCreationWithDuplicateData -->
  <testcase name="roleCreationWithValidDate" time="0.0" classname="in.srssprojects.keximbank.TestExecution">
    <ignored/>
  </testcase> <!-- roleCreationWithValidDate -->
</testsuite> <!-- basic test -->
