<?xml version="1.0" encoding="UTF-8"?>
<testng-results skipped="0" failed="0" ignored="16" total="19" passed="3">
  <reporter-output>
    <line>
      <![CDATA[alert came Please fill in the following fields: 
---Zip code in correct formatte
--Branch Name
--Address1
--ZipCode
--country name
--state name
--city name
]]>
    </line>
  </reporter-output>
  <suite name="basic suite" duration-ms="17236" started-at="2019-05-03T02:45:30Z" finished-at="2019-05-03T02:45:47Z">
    <groups>
      <group name="cancel">
        <method signature="TestExecution.login()[pri:0, instance:in.srssprojects.keximbank.BasicExecution@343f4d3d]" name="login" class="in.srssprojects.keximbank.TestExecution"/>
      </group> <!-- cancel -->
      <group name="blank">
        <method signature="TestExecution.branchCreationWithBlankData()[pri:3, instance:in.srssprojects.keximbank.BasicExecution@343f4d3d]" name="branchCreationWithBlankData" class="in.srssprojects.keximbank.TestExecution"/>
        <method signature="TestExecution.login()[pri:0, instance:in.srssprojects.keximbank.BasicExecution@343f4d3d]" name="login" class="in.srssprojects.keximbank.TestExecution"/>
      </group> <!-- blank -->
      <group name="role">
        <method signature="TestExecution.login()[pri:0, instance:in.srssprojects.keximbank.BasicExecution@343f4d3d]" name="login" class="in.srssprojects.keximbank.TestExecution"/>
      </group> <!-- role -->
      <group name="reset">
        <method signature="TestExecution.branchCreationReset()[pri:4, instance:in.srssprojects.keximbank.BasicExecution@343f4d3d]" name="branchCreationReset" class="in.srssprojects.keximbank.TestExecution"/>
        <method signature="TestExecution.login()[pri:0, instance:in.srssprojects.keximbank.BasicExecution@343f4d3d]" name="login" class="in.srssprojects.keximbank.TestExecution"/>
      </group> <!-- reset -->
      <group name="create">
        <method signature="TestExecution.login()[pri:0, instance:in.srssprojects.keximbank.BasicExecution@343f4d3d]" name="login" class="in.srssprojects.keximbank.TestExecution"/>
      </group> <!-- create -->
      <group name="employee">
        <method signature="TestExecution.login()[pri:0, instance:in.srssprojects.keximbank.BasicExecution@343f4d3d]" name="login" class="in.srssprojects.keximbank.TestExecution"/>
      </group> <!-- employee -->
      <group name="branch">
        <method signature="TestExecution.branchCreationReset()[pri:4, instance:in.srssprojects.keximbank.BasicExecution@343f4d3d]" name="branchCreationReset" class="in.srssprojects.keximbank.TestExecution"/>
        <method signature="TestExecution.branchCreationWithBlankData()[pri:3, instance:in.srssprojects.keximbank.BasicExecution@343f4d3d]" name="branchCreationWithBlankData" class="in.srssprojects.keximbank.TestExecution"/>
        <method signature="TestExecution.login()[pri:0, instance:in.srssprojects.keximbank.BasicExecution@343f4d3d]" name="login" class="in.srssprojects.keximbank.TestExecution"/>
      </group> <!-- branch -->
    </groups>
    <test name="basic test" duration-ms="17236" started-at="2019-05-03T02:45:30Z" finished-at="2019-05-03T02:45:47Z">
      <class name="in.srssprojects.keximbank.BasicExecution">
        <test-method status="PASS" signature="browserLaunch()[pri:0, instance:in.srssprojects.keximbank.BasicExecution@343f4d3d]" name="browserLaunch" is-config="true" duration-ms="7024" started-at="2019-05-03T02:45:30Z" finished-at="2019-05-03T02:45:37Z">
          <reporter-output>
          </reporter-output>
        </test-method> <!-- browserLaunch -->
        <test-method status="PASS" signature="login()[pri:0, instance:in.srssprojects.keximbank.BasicExecution@343f4d3d]" name="login" duration-ms="3811" started-at="2019-05-03T02:45:37Z" finished-at="2019-05-03T02:45:41Z">
          <reporter-output>
          </reporter-output>
        </test-method> <!-- login -->
        <test-method status="PASS" signature="branchCreationWithBlankData()[pri:3, instance:in.srssprojects.keximbank.BasicExecution@343f4d3d]" name="branchCreationWithBlankData" duration-ms="2783" started-at="2019-05-03T02:45:41Z" finished-at="2019-05-03T02:45:44Z">
          <reporter-output>
            <line>
              <![CDATA[alert came Please fill in the following fields: 
---Zip code in correct formatte
--Branch Name
--Address1
--ZipCode
--country name
--state name
--city name
]]>
            </line>
          </reporter-output>
        </test-method> <!-- branchCreationWithBlankData -->
        <test-method status="PASS" signature="branchCreationReset()[pri:4, instance:in.srssprojects.keximbank.BasicExecution@343f4d3d]" name="branchCreationReset" duration-ms="3399" started-at="2019-05-03T02:45:44Z" finished-at="2019-05-03T02:45:47Z">
          <reporter-output>
          </reporter-output>
        </test-method> <!-- branchCreationReset -->
        <test-method status="PASS" signature="tearDown()[pri:0, instance:in.srssprojects.keximbank.BasicExecution@343f4d3d]" name="tearDown" is-config="true" duration-ms="158" started-at="2019-05-03T02:45:47Z" finished-at="2019-05-03T02:45:47Z">
          <reporter-output>
          </reporter-output>
        </test-method> <!-- tearDown -->
      </class> <!-- in.srssprojects.keximbank.BasicExecution -->
    </test> <!-- basic test -->
  </suite> <!-- basic suite -->
</testng-results>
